<?xml version="1.0" encoding="UTF-8" ?>
<testsuite tests="3" failures="1" name="com.zzh.o2o.service.ShopServiceTest" time="0" errors="0" skipped="2">
  <properties>
[...]
</properties>
  <testcase classname="com.zzh.o2o.service.ShopServiceTest" name="testAddShop" time="0">
    <skipped/>
    <system-err>一月 17, 2020 3:22:56 下午 org.springframework.test.context.support.DefaultTestContextBootstrapper getDefaultTestExecutionListenerClassNames
信息: Loaded default TestExecutionListener class names from location [META-INF/spring.factories]: [org.springframework.test.context.web.ServletTestExecutionListener, org.springframework.test.context.support.DirtiesContextBeforeModesTestExecutionListener, org.springframework.test.context.support.DependencyInjectionTestExecutionListener, org.springframework.test.context.support.DirtiesContextTestExecutionListener, org.springframework.test.context.transaction.TransactionalTestExecutionListener, org.springframework.test.context.jdbc.SqlScriptsTestExecutionListener]
一月 17, 2020 3:22:56 下午 org.springframework.test.context.support.DefaultTestContextBootstrapper getTestExecutionListeners
信息: Using TestExecutionListeners: [org.springframework.test.context.web.ServletTestExecutionListener@4da602fc, org.springframework.test.context.support.DirtiesContextBeforeModesTestExecutionListener@2a8d39c4, org.springframework.test.context.support.DependencyInjectionTestExecutionListener@25b2cfcb, org.springframework.test.context.support.DirtiesContextTestExecutionListener@72758afa, org.springframework.test.context.transaction.TransactionalTestExecutionListener@fb9c7aa, org.springframework.test.context.jdbc.SqlScriptsTestExecutionListener@4c398c80]
</system-err>
  </testcase>
  <testcase classname="com.zzh.o2o.service.ShopServiceTest" name="testModifyShop" time="0">
    <skipped/>
  </testcase>
  <testcase classname="com.zzh.o2o.service.ShopServiceTest" name="testGetShopList" time="0">
    <failure message="expected:&lt;2&gt; but was:&lt;1&gt;" type="java.lang.AssertionError">java.lang.AssertionError: expected:&lt;2&gt; but was:&lt;1&gt;
	at org.junit.Assert.fail(Assert.java:88)
	at org.junit.Assert.failNotEquals(Assert.java:834)
	at org.junit.Assert.assertEquals(Assert.java:645)
	at org.junit.Assert.assertEquals(Assert.java:631)
	at com.zzh.o2o.service.ShopServiceTest.testGetShopList(ShopServiceTest.java:124)
	at sun.reflect.NativeMethodAccessorImpl.invoke0(Native Method)
	at sun.reflect.NativeMethodAccessorImpl.invoke(NativeMethodAccessorImpl.java:62)
	at sun.reflect.DelegatingMethodAccessorImpl.invoke(DelegatingMethodAccessorImpl.java:43)
	at java.lang.reflect.Method.invoke(Method.java:498)
	at org.junit.runners.model.FrameworkMethod$1.runReflectiveCall(FrameworkMethod.java:50)
	at org.junit.internal.runners.model.ReflectiveCallable.run(ReflectiveCallable.java:12)
	at org.junit.runners.model.FrameworkMethod.invokeExplosively(FrameworkMethod.java:47)
	at org.junit.internal.runners.statements.InvokeMethod.evaluate(InvokeMethod.java:17)
	at org.springframework.test.context.junit4.statements.RunBeforeTestMethodCallbacks.evaluate(RunBeforeTestMethodCallbacks.java:75)
	at org.springframework.test.context.junit4.statements.RunAfterTestMethodCallbacks.evaluate(RunAfterTestMethodCallbacks.java:86)
	at org.springframework.test.context.junit4.statements.SpringRepeat.evaluate(SpringRepeat.java:84)
	at org.junit.runners.ParentRunner.runLeaf(ParentRunner.java:325)
	at org.springframework.test.context.junit4.SpringJUnit4ClassRunner.runChild(SpringJUnit4ClassRunner.java:252)
	at org.springframework.test.context.junit4.SpringJUnit4ClassRunner.runChild(SpringJUnit4ClassRunner.java:94)
	at org.junit.runners.ParentRunner$3.run(ParentRunner.java:290)
	at org.junit.runners.ParentRunner$1.schedule(ParentRunner.java:71)
	at org.junit.runners.ParentRunner.runChildren(ParentRunner.java:288)
	at org.junit.runners.ParentRunner.access$000(ParentRunner.java:58)
	at org.junit.runners.ParentRunner$2.evaluate(ParentRunner.java:268)
	at org.springframework.test.context.junit4.statements.RunBeforeTestClassCallbacks.evaluate(RunBeforeTestClassCallbacks.java:61)
	at org.springframework.test.context.junit4.statements.RunAfterTestClassCallbacks.evaluate(RunAfterTestClassCallbacks.java:70)
	at org.junit.runners.ParentRunner.run(ParentRunner.java:363)
	at org.springframework.test.context.junit4.SpringJUnit4ClassRunner.run(SpringJUnit4ClassRunner.java:191)
	at org.apache.maven.surefire.junit4.JUnit4Provider.execute(JUnit4Provider.java:252)
	at org.apache.maven.surefire.junit4.JUnit4Provider.executeTestSet(JUnit4Provider.java:141)
	at org.apache.maven.surefire.junit4.JUnit4Provider.invoke(JUnit4Provider.java:112)
	at sun.reflect.NativeMethodAccessorImpl.invoke0(Native Method)
	at sun.reflect.NativeMethodAccessorImpl.invoke(NativeMethodAccessorImpl.java:62)
	at sun.reflect.DelegatingMethodAccessorImpl.invoke(DelegatingMethodAccessorImpl.java:43)
	at java.lang.reflect.Method.invoke(Method.java:498)
	at org.apache.maven.surefire.util.ReflectionUtils.invokeMethodWithArray(ReflectionUtils.java:189)
	at org.apache.maven.surefire.booter.ProviderFactory$ProviderProxy.invoke(ProviderFactory.java:165)
	at org.apache.maven.surefire.booter.ProviderFactory.invokeProvider(ProviderFactory.java:85)
	at org.apache.maven.surefire.booter.ForkedBooter.runSuitesInProcess(ForkedBooter.java:115)
	at org.apache.maven.surefire.booter.ForkedBooter.main(ForkedBooter.java:75)
</failure>
    <system-out>Creating a new SqlSession
SqlSession [org.apache.ibatis.session.defaults.DefaultSqlSession@2bd2b28e] was not registered for synchronization because synchronization is not active
JDBC Connection [com.mchange.v2.c3p0.impl.NewProxyConnection@5c8eee0f] will not be managed by Spring
==&gt;  Preparing: SELECT s.shop_id, s.shop_name, s.shop_desc, s.shop_addr, s.phone, s.shop_img, s.priority, s.create_time, s.last_edit_time, s.enable_status, s.advice, a.area_id, a.area_name, sc.shop_category_id, sc.shop_category_name FROM tb_shop s, tb_area a, tb_shop_category sc WHERE s.shop_name like &apos;%咖啡%&apos; and s.owner_id = ? AND s.area_id = a.area_id AND s.shop_category_id = sc.shop_category_id ORDER BY s.priority DESC LIMIT ? , ? 
==&gt; Parameters: 1(Long), 0(Integer), 2(Integer)
&lt;==    Columns: shop_id, shop_name, shop_desc, shop_addr, phone, shop_img, priority, create_time, last_edit_time, enable_status, advice, area_id, area_name, shop_category_id, shop_category_name
&lt;==        Row: 145, 美丽咖啡店, 美式咖啡在售, 西苑西街美食城, 13454641232, upload\item\shop\145\2020010917355863024.jpg, null, 2020-01-09 17:35:58, 2020-01-09 17:35:58, 1, 审核中, 5, 西苑, 3, 果蔬
&lt;==      Total: 1
Closing non transactional SqlSession [org.apache.ibatis.session.defaults.DefaultSqlSession@2bd2b28e]
Creating a new SqlSession
SqlSession [org.apache.ibatis.session.defaults.DefaultSqlSession@62163b39] was not registered for synchronization because synchronization is not active
JDBC Connection [com.mchange.v2.c3p0.impl.NewProxyConnection@1698fc68] will not be managed by Spring
==&gt;  Preparing: SELECT count(1) FROM tb_shop s, tb_area a, tb_shop_category sc WHERE s.shop_name like &apos;%咖啡%&apos; and s.owner_id = ? AND s.area_id = a.area_id AND s.shop_category_id = sc.shop_category_id 
==&gt; Parameters: 1(Long)
&lt;==    Columns: count(1)
&lt;==        Row: 1
&lt;==      Total: 1
Closing non transactional SqlSession [org.apache.ibatis.session.defaults.DefaultSqlSession@62163b39]
</system-out>
  </testcase>
</testsuite>